TRAEFIK_ENTRYPOINT_HTTP=80 TRAEFIK_ENTRYPOINT_HTTPS=443 \
	docker compose -p tribuence-v2 -f v2/infra/compose/docker-compose.v2.yml down --remove-orphans --volumes
 Container tribuence-v2-context-1  Stopping
 Container tribuence-v2-apollo-router-1  Stopping
 Container tribuence-v2-anythingllm-subgraph-1  Stopping
 Container tribuence-v2-keycloak-1  Stopping
 Container tribuence-v2-anythingllm-1  Stopping
 Container tribuence-v2-twenty-worker-1  Stopping
 Container tribuence-v2-twenty-redis-1  Stopping
 Container tribuence-v2-v2-ui-1  Stopping
 Container tribuence-v2-apollo-router-1  Stopped
 Container tribuence-v2-apollo-router-1  Removing
 Container tribuence-v2-twenty-redis-1  Stopped
 Container tribuence-v2-twenty-redis-1  Removing
 Container tribuence-v2-apollo-router-1  Removed
 Container tribuence-v2-twenty-worker-1  Stopped
 Container tribuence-v2-twenty-worker-1  Removing
 Container tribuence-v2-twenty-redis-1  Removed
 Container tribuence-v2-twenty-worker-1  Removed
 Container tribuence-v2-twenty-server-1  Stopping
 Container tribuence-v2-v2-ui-1  Stopped
 Container tribuence-v2-v2-ui-1  Removing
 Container tribuence-v2-keycloak-1  Stopped
 Container tribuence-v2-keycloak-1  Removing
 Container tribuence-v2-v2-ui-1  Removed
 Container tribuence-v2-traefik-1  Stopping
 Container tribuence-v2-keycloak-1  Removed
 Container tribuence-v2-traefik-1  Stopped
 Container tribuence-v2-traefik-1  Removing
 Container tribuence-v2-traefik-1  Removed
 Container tribuence-v2-twenty-server-1  Stopped
 Container tribuence-v2-twenty-server-1  Removing
 Container tribuence-v2-twenty-server-1  Removed
 Container tribuence-v2-twenty-db-1  Stopping
 Container tribuence-v2-twenty-db-1  Stopped
 Container tribuence-v2-twenty-db-1  Removing
 Container tribuence-v2-twenty-db-1  Removed
 Container tribuence-v2-context-1  Stopped
 Container tribuence-v2-context-1  Removing
 Container tribuence-v2-context-1  Removed
 Container tribuence-v2-anythingllm-1  Stopped
 Container tribuence-v2-anythingllm-1  Removing
 Container tribuence-v2-anythingllm-subgraph-1  Stopped
 Container tribuence-v2-anythingllm-subgraph-1  Removing
 Container tribuence-v2-anythingllm-1  Removed
 Container tribuence-v2-postgres-1  Stopping
 Container tribuence-v2-anythingllm-subgraph-1  Removed
 Container tribuence-v2-vault-agent-1  Stopping
 Container tribuence-v2-vault-agent-1  Stopped
 Container tribuence-v2-vault-agent-1  Removing
 Container tribuence-v2-postgres-1  Stopped
 Container tribuence-v2-postgres-1  Removing
 Container tribuence-v2-vault-agent-1  Removed
 Container tribuence-v2-vault-1  Stopping
 Container tribuence-v2-postgres-1  Removed
 Container tribuence-v2-vault-1  Stopped
 Container tribuence-v2-vault-1  Removing
 Container tribuence-v2-vault-1  Removed
 Volume tribuence-v2_twenty-server-local-data-v2  Removing
 Volume tribuence-v2_anythingllm-storage-v2  Removing
 Volume tribuence-v2_twenty-db-data-v2  Removing
 Volume tribuence-v2_vault-data-v2  Removing
 Volume tribuence-v2_postgres-data-v2  Removing
 Volume tribuence-v2_vault-secrets-v2  Removing
 Volume tribuence-v2_anythingllm-storage-v2  Removed
 Volume tribuence-v2_twenty-server-local-data-v2  Removed
 Volume tribuence-v2_vault-data-v2  Removed
 Volume tribuence-v2_vault-secrets-v2  Removed
 Volume tribuence-v2_postgres-data-v2  Removed
 Volume tribuence-v2_twenty-db-data-v2  Removed
