TRAEFIK_ENTRYPOINT_HTTP=80 TRAEFIK_ENTRYPOINT_HTTPS=443 \
	docker compose -p tribuence-v2 -f v2/infra/compose/docker-compose.v2.yml up -d --remove-orphans
time="2026-01-03T22:01:42-05:00" level=warning msg="a network with name tribuence-v2-net exists but was not created for project \"tribuence-v2\".\nSet `external: true` to use an existing network"
 Volume "tribuence-v2_twenty-db-data-v2"  Creating
 Volume "tribuence-v2_twenty-db-data-v2"  Created
 Volume "tribuence-v2_twenty-server-local-data-v2"  Creating
 Volume "tribuence-v2_twenty-server-local-data-v2"  Created
 Volume "tribuence-v2_vault-data-v2"  Creating
 Volume "tribuence-v2_vault-data-v2"  Created
 Volume "tribuence-v2_postgres-data-v2"  Creating
 Volume "tribuence-v2_postgres-data-v2"  Created
 Volume "tribuence-v2_vault-secrets-v2"  Creating
 Volume "tribuence-v2_vault-secrets-v2"  Created
 Volume "tribuence-v2_anythingllm-storage-v2"  Creating
 Volume "tribuence-v2_anythingllm-storage-v2"  Created
 Container tribuence-v2-twenty-db-1  Creating
 Container tribuence-v2-traefik-1  Creating
 Container tribuence-v2-vault-1  Creating
 Container tribuence-v2-postgres-1  Creating
 Container tribuence-v2-twenty-redis-1  Creating
 Container tribuence-v2-keycloak-1  Creating
 Container tribuence-v2-keycloak-1  Created
 Container tribuence-v2-traefik-1  Created
 Container tribuence-v2-vault-1  Created
 Container tribuence-v2-vault-agent-1  Creating
 Container tribuence-v2-postgres-1  Created
 Container tribuence-v2-twenty-redis-1  Created
 Container tribuence-v2-twenty-db-1  Created
 Container tribuence-v2-twenty-server-1  Creating
 Container tribuence-v2-vault-agent-1  Created
 Container tribuence-v2-apollo-router-1  Creating
 Container tribuence-v2-anythingllm-1  Creating
 Container tribuence-v2-anythingllm-subgraph-1  Creating
 Container tribuence-v2-v2-ui-1  Creating
 Container tribuence-v2-context-1  Creating
 Container tribuence-v2-twenty-server-1  Created
 Container tribuence-v2-twenty-worker-1  Creating
 Container tribuence-v2-anythingllm-subgraph-1  Created
 Container tribuence-v2-context-1  Created
 Container tribuence-v2-v2-ui-1  Created
 Container tribuence-v2-apollo-router-1  Created
 Container tribuence-v2-anythingllm-1  Created
 Container tribuence-v2-twenty-worker-1  Created
 Container tribuence-v2-traefik-1  Starting
 Container tribuence-v2-twenty-db-1  Starting
 Container tribuence-v2-postgres-1  Starting
 Container tribuence-v2-twenty-redis-1  Starting
 Container tribuence-v2-keycloak-1  Starting
 Container tribuence-v2-vault-1  Starting
 Container tribuence-v2-keycloak-1  Started
 Container tribuence-v2-vault-1  Started
 Container tribuence-v2-vault-1  Waiting
 Container tribuence-v2-traefik-1  Started
 Container tribuence-v2-twenty-redis-1  Started
 Container tribuence-v2-postgres-1  Started
 Container tribuence-v2-twenty-db-1  Started
 Container tribuence-v2-twenty-db-1  Waiting
 Container tribuence-v2-vault-1  Healthy
 Container tribuence-v2-vault-agent-1  Starting
 Container tribuence-v2-twenty-db-1  Healthy
 Container tribuence-v2-twenty-server-1  Starting
 Container tribuence-v2-vault-agent-1  Started
 Container tribuence-v2-context-1  Starting
 Container tribuence-v2-traefik-1  Waiting
 Container tribuence-v2-anythingllm-subgraph-1  Starting
 Container tribuence-v2-apollo-router-1  Starting
 Container tribuence-v2-postgres-1  Waiting
 Container tribuence-v2-twenty-server-1  Started
 Container tribuence-v2-twenty-db-1  Waiting
 Container tribuence-v2-anythingllm-subgraph-1  Started
 Container tribuence-v2-context-1  Started
 Container tribuence-v2-postgres-1  Healthy
 Container tribuence-v2-anythingllm-1  Starting
 Container tribuence-v2-traefik-1  Healthy
 Container tribuence-v2-v2-ui-1  Starting
 Container tribuence-v2-apollo-router-1  Started
 Container tribuence-v2-twenty-db-1  Healthy
 Container tribuence-v2-twenty-worker-1  Starting
 Container tribuence-v2-anythingllm-1  Started
 Container tribuence-v2-v2-ui-1  Started
 Container tribuence-v2-twenty-worker-1  Started
